  Primes.cpp
  Primes_tests.cpp
  Создание кода
  Previous IPDB not found, fall back to full compilation.
  All 6107 functions were compiled because no usable IPDB/IOBJ from previous compilation was found.
  Создание кода завершено
  Primes_tests.vcxproj -> C:\roman\C++\OOP\lab2\Primes\Release\Primes_tests.exe
  
  ~~~~~~~~~~~~~~~~~~~~~~~~~~~~~~~~~~~~~~~~~~~~~~~~~~~~~~~~~~~~~~~~~~~~~~~~~~~~~~~
  Primes_tests.exe is a Catch v2.13.10 host application.
  Run with -? for options
  
  -------------------------------------------------------------------------------
  Scenario: GeneratePrimeNumbersSet function tests
    Check with 2
  -------------------------------------------------------------------------------
  C:\roman\C++\OOP\lab2\Primes\Primes_tests\Primes_tests.cpp(25)
  ...............................................................................
  
  C:\roman\C++\OOP\lab2\Primes\Primes_tests\Primes_tests.cpp(28): FAILED:
    CHECK( set1 == set2 )
  with expansion:
    {  } == { 2 }
  
  -------------------------------------------------------------------------------
  Scenario: GeneratePrimeNumbersSet function tests
    Check with 100
  -------------------------------------------------------------------------------
  C:\roman\C++\OOP\lab2\Primes\Primes_tests\Primes_tests.cpp(31)
  ...............................................................................
  
  C:\roman\C++\OOP\lab2\Primes\Primes_tests\Primes_tests.cpp(34): FAILED:
    CHECK( set1 == set2 )
  with expansion:
    { 3, 5, 9, 13, 21, 25, 33, 37, 45, 57, 61, 73, 81, 85, 93 }
    ==
    { 2, 3, 5, 7, 11, 13, 17, 19, 23, 29, 31, 37, 41, 43, 47, 53, 59, 61, 67, 71,
    73, 79, 83, 89, 97 }
  
  -------------------------------------------------------------------------------
  Scenario: GeneratePrimeNumbersSet function tests
    Check with 53(prime number)
  -------------------------------------------------------------------------------
  C:\roman\C++\OOP\lab2\Primes\Primes_tests\Primes_tests.cpp(37)
  ...............................................................................
  
  C:\roman\C++\OOP\lab2\Primes\Primes_tests\Primes_tests.cpp(40): FAILED:
    CHECK( set1 == set2 )
  with expansion:
    { 3, 5, 9, 13, 21, 25, 33, 37, 45 }
    ==
    { 2, 3, 5, 7, 11, 13, 17, 19, 23, 29, 31, 37, 41, 43, 47, 53 }
  
  -------------------------------------------------------------------------------
  Scenario: GeneratePrimeNumbersSet function tests
    Check with 100000000
  -------------------------------------------------------------------------------
  C:\roman\C++\OOP\lab2\Primes\Primes_tests\Primes_tests.cpp(50)
  ...............................................................................
  
  C:\roman\C++\OOP\lab2\Primes\Primes_tests\Primes_tests.cpp(53): FAILED:
    CHECK( set1.size() == 5761455 )
  with expansion:
    3001134 (0x2dcb2e) == 5761455 (0x57e9af)
  
  ===============================================================================
  test cases: 1 | 1 failed
  assertions: 7 | 3 passed | 4 failed
  
C:\Program Files\Microsoft Visual Studio\2022\Community\MSBuild\Microsoft\VC\v170\Microsoft.CppCommon.targets(157,5): error MSB3073: выход из команды "C:\roman\C++\OOP\lab2\Primes\Release\Primes_tests.exe
C:\Program Files\Microsoft Visual Studio\2022\Community\MSBuild\Microsoft\VC\v170\Microsoft.CppCommon.targets(157,5): error MSB3073: :VCEnd" с кодом 4.
