  VolumetricBodies_tests.cpp
  VolumetricBodies_tests.vcxproj -> C:\roman\C++\OOP\lab4\VolumetricBodies\x64\Debug\VolumetricBodies_tests.exe
  
  ~~~~~~~~~~~~~~~~~~~~~~~~~~~~~~~~~~~~~~~~~~~~~~~~~~~~~~~~~~~~~~~~~~~~~~~~~~~~~~~
  VolumetricBodies_tests.exe is a Catch v2.13.10 host application.
  Run with -? for options
  
  -------------------------------------------------------------------------------
  Scenario: CCompound tests
    Check with add compound body to the himself
  -------------------------------------------------------------------------------
  C:\roman\C++\OOP\lab4\VolumetricBodies\VolumetricBodies_tests\VolumetricBodies_tests.cpp(131)
  ...............................................................................
  
  C:\roman\C++\OOP\lab4\VolumetricBodies\VolumetricBodies_tests\VolumetricBodies_tests.cpp(134): FAILED:
    CHECK( !compoundBody.AddChildBody(make_shared<CCompound>(compoundBody)) )
  with expansion:
    false
  
  ===============================================================================
  test cases:  5 |  4 passed | 1 failed
  assertions: 57 | 56 passed | 1 failed
  
C:\Program Files\Microsoft Visual Studio\2022\Community\MSBuild\Microsoft\VC\v170\Microsoft.CppCommon.targets(157,5): error MSB3073: выход из команды "C:\roman\C++\OOP\lab4\VolumetricBodies\x64\Debug\VolumetricBodies_tests.exe
C:\Program Files\Microsoft Visual Studio\2022\Community\MSBuild\Microsoft\VC\v170\Microsoft.CppCommon.targets(157,5): error MSB3073: :VCEnd" с кодом 1.
